<!DOCTYPE html PUBLIC "-//W3C//DTD XHTML 1.1//EN" "http://www.w3.org/TR/xhtml11/DTD/xhtml11.dtd">
<html xmlns="http://www.w3.org/1999/xhtml"><head><title>TestNG Report</title><style type="text/css">table {margin-bottom:10px;border-collapse:collapse;empty-cells:show}th,td {border:1px solid #009;padding:.25em .5em}th {vertical-align:bottom}td {vertical-align:top}table a {font-weight:bold}.stripe td {background-color: #E6EBF9}.num {text-align:right}.passedodd td {background-color: #3F3}.passedeven td {background-color: #0A0}.skippedodd td {background-color: #DDD}.skippedeven td {background-color: #CCC}.failedodd td,.attn {background-color: #F33}.failedeven td,.stripe .attn {background-color: #D00}.stacktrace {white-space:pre;font-family:monospace}.totop {font-size:85%;text-align:center;border-bottom:2px solid #000}</style></head><body><table><tr><th>Test</th><th># Passed</th><th># Skipped</th><th># Failed</th><th>Time (ms)</th><th>Included Groups</th><th>Excluded Groups</th></tr><tr><th colspan="7">Suite</th></tr><tr><td><a href="#t0">Test_IE</a></td><td class="num">0</td><td class="num">0</td><td class="num attn">2</td><td class="num">10,867</td><td></td><td></td></tr><tr class="stripe"><td><a href="#t1">Test_Chrome</a></td><td class="num">0</td><td class="num">0</td><td class="num attn">2</td><td class="num">20,266</td><td></td><td></td></tr><tr><td><a href="#t2">Test_Firefox</a></td><td class="num">0</td><td class="num">0</td><td class="num attn">2</td><td class="num">6,061</td><td></td><td></td></tr><tr><th>Total</th><th class="num">0</th><th class="num">0</th><th class="num attn">6</th><th class="num">37,194</th><th colspan="2"></th></tr></table><table><thead><tr><th>Class</th><th>Method</th><th>Start</th><th>Time (ms)</th></tr></thead><tbody><tr><th colspan="4">Suite</th></tr></tbody><tbody id="t0"><tr><th colspan="4">Test_IE &#8212; failed</th></tr><tr class="failedeven"><td rowspan="2">test.testauto.testcases.TC_MC_LoginLogout_CrossBrowser</td><td><a href="#m0">MC_Login_PoC_WebPart</a></td><td rowspan="1">1510812837099</td><td rowspan="1">9606</td></tr><tr class="failedeven"><td><a href="#m1">MC_Login_PoC_WebPart1</a></td><td rowspan="1">1510812846720</td><td rowspan="1">11</td></tr></tbody><tbody id="t1"><tr><th colspan="4">Test_Chrome &#8212; failed</th></tr><tr class="failedeven"><td rowspan="2">test.testauto.testcases.TC_MC_LoginLogout_CrossBrowser</td><td><a href="#m2">MC_Login_PoC_WebPart</a></td><td rowspan="1">1510812847975</td><td rowspan="1">19019</td></tr><tr class="failedeven"><td><a href="#m3">MC_Login_PoC_WebPart1</a></td><td rowspan="1">1510812866996</td><td rowspan="1">1</td></tr></tbody><tbody id="t2"><tr><th colspan="4">Test_Firefox &#8212; failed (configuration methods)</th></tr><tr class="failedeven"><td rowspan="1">test.testauto.testcases.TC_MC_LoginLogout_CrossBrowser</td><td><a href="#m4">tearDown</a></td><td rowspan="1">1510812874306</td><td rowspan="1">0</td></tr><tr><th colspan="4">Test_Firefox &#8212; failed</th></tr><tr class="failedeven"><td rowspan="2">test.testauto.testcases.TC_MC_LoginLogout_CrossBrowser</td><td><a href="#m5">MC_Login_PoC_WebPart</a></td><td rowspan="1">1510812868249</td><td rowspan="1">6051</td></tr><tr class="failedeven"><td><a href="#m6">MC_Login_PoC_WebPart1</a></td><td rowspan="1">1510812874303</td><td rowspan="1">2</td></tr></tbody></table><h2>Test_IE</h2><h3 id="m0">test.testauto.testcases.TC_MC_LoginLogout_CrossBrowser#MC_Login_PoC_WebPart</h3><table class="result"><tr class="param"><th>Parameter #1</th></tr><tr class="param stripe"><td>IE</td></tr><tr><th>Exception</th></tr><tr><td><div class="stacktrace">org.openqa.selenium.NoSuchWindowException: Unable to get browser (WARNING: The server did not provide any stacktrace information)
Command duration or timeout: 23 milliseconds
Build info: version: &apos;3.3.0&apos;, revision: &apos;b526bd5b41&apos;, time: &apos;2017-03-07 19:26:04 +0000&apos;
System info: host: &apos;INGSSAHOOS17L1C&apos;, ip: &apos;10.251.144.132&apos;, os.name: &apos;Windows 10&apos;, os.arch: &apos;x86&apos;, os.version: &apos;10.0&apos;, java.version: &apos;1.8.0_151&apos;
Driver info: org.openqa.selenium.ie.InternetExplorerDriver
Capabilities [{browserAttachTimeout=0, ie.enableFullPageScreenshot=true, enablePersistentHover=true, ie.forceCreateProcessApi=false, ie.forceShellWindowsApi=false, pageLoadStrategy=normal, ignoreZoomSetting=false, ie.fileUploadDialogTimeout=3000, version=11, platform=WINDOWS, nativeEvents=true, ie.ensureCleanSession=false, elementScrollBehavior=0, ie.browserCommandLineSwitches=, requireWindowFocus=false, browserName=internet explorer, initialBrowserUrl=http://localhost:19699/, javascriptEnabled=true, ignoreProtectedModeSettings=false, enableElementCacheCleanup=true, unexpectedAlertBehaviour=dismiss}]
Session ID: c6bb103f-f81c-48b6-afae-ee0e68d21a89
	at org.openqa.selenium.remote.ErrorHandler.createThrowable(ErrorHandler.java:216)
	at org.openqa.selenium.remote.ErrorHandler.throwIfResponseFailed(ErrorHandler.java:168)
	at org.openqa.selenium.remote.RemoteWebDriver.execute(RemoteWebDriver.java:638)
	at org.openqa.selenium.remote.RemoteWebDriver.get(RemoteWebDriver.java:325)
	at test.testauto.testcases.TC_MC_LoginLogout_CrossBrowser.MC_Login_PoC_WebPart(TC_MC_LoginLogout_CrossBrowser.java:113)
... Removed 28 stack frames</div></td></tr></table><p class="totop"><a href="#summary">back to summary</a></p><h3 id="m1">test.testauto.testcases.TC_MC_LoginLogout_CrossBrowser#MC_Login_PoC_WebPart1</h3><table class="result"><tr><th>Exception</th></tr><tr><td><div class="stacktrace">java.lang.AssertionError: expected [13] but found [12]
	at test.testauto.testcases.TC_MC_LoginLogout_CrossBrowser.MC_Login_PoC_WebPart1(TC_MC_LoginLogout_CrossBrowser.java:120)
... Removed 29 stack frames</div></td></tr></table><p class="totop"><a href="#summary">back to summary</a></p><h2>Test_Chrome</h2><h3 id="m2">test.testauto.testcases.TC_MC_LoginLogout_CrossBrowser#MC_Login_PoC_WebPart</h3><table class="result"><tr class="param"><th>Parameter #1</th></tr><tr class="param stripe"><td>Chrome</td></tr><tr><th>Exception</th></tr><tr><td><div class="stacktrace">org.openqa.selenium.WebDriverException: unknown error: unhandled inspector error: {&quot;code&quot;:-32000,&quot;message&quot;:&quot;Cannot navigate to invalid URL&quot;}
  (Session info: chrome=62.0.3202.89)
  (Driver info: chromedriver=2.33.506120 (e3e53437346286c0bc2d2dc9aa4915ba81d9023f),platform=Windows NT 10.0.14393 x86_64) (WARNING: The server did not provide any stacktrace information)
Command duration or timeout: 7 milliseconds
Build info: version: &apos;3.3.0&apos;, revision: &apos;b526bd5b41&apos;, time: &apos;2017-03-07 19:26:04 +0000&apos;
System info: host: &apos;INGSSAHOOS17L1C&apos;, ip: &apos;10.251.144.132&apos;, os.name: &apos;Windows 10&apos;, os.arch: &apos;x86&apos;, os.version: &apos;10.0&apos;, java.version: &apos;1.8.0_151&apos;
Driver info: org.openqa.selenium.chrome.ChromeDriver
Capabilities [{applicationCacheEnabled=false, rotatable=false, mobileEmulationEnabled=false, networkConnectionEnabled=false, chrome={chromedriverVersion=2.33.506120 (e3e53437346286c0bc2d2dc9aa4915ba81d9023f), userDataDir=C:\Users\sahoos17\AppData\Local\Temp\scoped_dir28116_8702}, takesHeapSnapshot=true, pageLoadStrategy=normal, databaseEnabled=false, handlesAlerts=true, hasTouchScreen=false, version=62.0.3202.89, platform=XP, browserConnectionEnabled=false, nativeEvents=true, acceptSslCerts=true, locationContextEnabled=true, webStorageEnabled=true, browserName=chrome, takesScreenshot=true, javascriptEnabled=true, cssSelectorsEnabled=true, setWindowRect=true, unexpectedAlertBehaviour=}]
Session ID: 68c0bd70143461915c6b067112c49e93
	at org.openqa.selenium.remote.ErrorHandler.createThrowable(ErrorHandler.java:216)
	at org.openqa.selenium.remote.ErrorHandler.throwIfResponseFailed(ErrorHandler.java:168)
	at org.openqa.selenium.remote.RemoteWebDriver.execute(RemoteWebDriver.java:638)
	at org.openqa.selenium.remote.RemoteWebDriver.get(RemoteWebDriver.java:325)
	at test.testauto.testcases.TC_MC_LoginLogout_CrossBrowser.MC_Login_PoC_WebPart(TC_MC_LoginLogout_CrossBrowser.java:113)
... Removed 28 stack frames</div></td></tr></table><p class="totop"><a href="#summary">back to summary</a></p><h3 id="m3">test.testauto.testcases.TC_MC_LoginLogout_CrossBrowser#MC_Login_PoC_WebPart1</h3><table class="result"><tr><th>Exception</th></tr><tr><td><div class="stacktrace">java.lang.AssertionError: expected [13] but found [12]
	at test.testauto.testcases.TC_MC_LoginLogout_CrossBrowser.MC_Login_PoC_WebPart1(TC_MC_LoginLogout_CrossBrowser.java:120)
... Removed 29 stack frames</div></td></tr></table><p class="totop"><a href="#summary">back to summary</a></p><h2>Test_Firefox</h2><h3 id="m4">test.testauto.testcases.TC_MC_LoginLogout_CrossBrowser#tearDown</h3><table class="result"><tr><th>Exception</th></tr><tr><td><div class="stacktrace">java.lang.NullPointerException
	at test.testauto.testcases.TC_MC_LoginLogout_CrossBrowser.tearDown(TC_MC_LoginLogout_CrossBrowser.java:132)
... Removed 22 stack frames</div></td></tr></table><p class="totop"><a href="#summary">back to summary</a></p><h3 id="m5">test.testauto.testcases.TC_MC_LoginLogout_CrossBrowser#MC_Login_PoC_WebPart</h3><table class="result"><tr class="param"><th>Parameter #1</th></tr><tr class="param stripe"><td>Firefox</td></tr><tr><th>Exception</th></tr><tr><td><div class="stacktrace">org.openqa.selenium.SessionNotCreatedException: Unable to create new remote session. desired capabilities = Capabilities [{moz:firefoxOptions={binary=Optional.empty, args=[], legacy=null, logLevel=null, prefs={}, profile=org.openqa.selenium.firefox.FirefoxProfile@1e2a2d}, firefox_profile=org.openqa.selenium.firefox.FirefoxProfile@1e2a2d}], required capabilities = Capabilities [{}]
Build info: version: &apos;3.3.0&apos;, revision: &apos;b526bd5b41&apos;, time: &apos;2017-03-07 19:26:04 +0000&apos;
System info: host: &apos;INGSSAHOOS17L1C&apos;, ip: &apos;10.251.144.132&apos;, os.name: &apos;Windows 10&apos;, os.arch: &apos;x86&apos;, os.version: &apos;10.0&apos;, java.version: &apos;1.8.0_151&apos;
Driver info: driver.version: FirefoxDriver
	at org.openqa.selenium.remote.ProtocolHandshake.createSession(ProtocolHandshake.java:126)
	at org.openqa.selenium.remote.HttpCommandExecutor.execute(HttpCommandExecutor.java:141)
	at org.openqa.selenium.remote.service.DriverCommandExecutor.execute(DriverCommandExecutor.java:82)
	at org.openqa.selenium.remote.RemoteWebDriver.execute(RemoteWebDriver.java:604)
	at org.openqa.selenium.remote.RemoteWebDriver.startSession(RemoteWebDriver.java:244)
	at org.openqa.selenium.remote.RemoteWebDriver.&lt;init&gt;(RemoteWebDriver.java:131)
	at org.openqa.selenium.firefox.FirefoxDriver.&lt;init&gt;(FirefoxDriver.java:243)
	at org.openqa.selenium.firefox.FirefoxDriver.&lt;init&gt;(FirefoxDriver.java:121)
	at org.openqa.selenium.firefox.FirefoxDriver.&lt;init&gt;(FirefoxDriver.java:151)
	at test.testauto.testcases.TC_MC_LoginLogout_CrossBrowser.MC_Login_PoC_WebPart(TC_MC_LoginLogout_CrossBrowser.java:71)
... Removed 24 stack frames</div></td></tr></table><p class="totop"><a href="#summary">back to summary</a></p><h3 id="m6">test.testauto.testcases.TC_MC_LoginLogout_CrossBrowser#MC_Login_PoC_WebPart1</h3><table class="result"><tr><th>Exception</th></tr><tr><td><div class="stacktrace">java.lang.AssertionError: expected [13] but found [12]
	at test.testauto.testcases.TC_MC_LoginLogout_CrossBrowser.MC_Login_PoC_WebPart1(TC_MC_LoginLogout_CrossBrowser.java:120)
... Removed 29 stack frames</div></td></tr></table><p class="totop"><a href="#summary">back to summary</a></p></body></html>